<?xml version="1.0" encoding="UTF-8"?>
<!-- Generated by org.testng.reporters.JUnitXMLReporter -->
<testsuite hostname="LAPTOP-SIGT1BQ1" ignored="0" name="Test" tests="4" failures="0" timestamp="18 Apr 2020 05:42:14 GMT" time="77.832" errors="0">
  <testcase name="basePageNavigation" time="0.209" classname="Academy.VerifyTitle"/>
  <testcase name="basePageNavigation" time="0.448" classname="Academy.VerifyNavigationBar"/>
  <testcase name="basePageNavigation" time="30.474" classname="Academy.HomePage"/>
  <testcase name="basePageNavigation" time="19.179" classname="Academy.HomePage"/>
</testsuite> <!-- Test -->
