<?xml version="1.0" encoding="UTF-8"?>
<!-- Generated by org.testng.reporters.JUnitXMLReporter -->
<testsuite hostname="LAPTOP-SIGT1BQ1" ignored="0" name="Test" tests="4" failures="0" timestamp="19 Apr 2020 13:33:28 GMT" time="72.148" errors="0">
  <testcase name="basePageNavigation" time="0.214" classname="Academy.VerifyTitle"/>
  <testcase name="basePageNavigation" time="0.296" classname="Academy.VerifyNavigationBar"/>
  <testcase name="basePageNavigation" time="25.67" classname="Academy.HomePage"/>
  <testcase name="basePageNavigation" time="16.486" classname="Academy.HomePage"/>
</testsuite> <!-- Test -->
